# JRE version: Java(TM) SE Runtime Environment (8.0_60-b27) (build 1.8.0_60-b27)
# Java VM: Java HotSpot(TM) 64-Bit Server VM (25.60-b23 mixed mode windows-amd64 compressed oops)
Heap:
 PSYoungGen      total 423936K, used 50129K [0x000000076b180000, 0x0000000793280000, 0x00000007c0000000)
  eden space 376320K, 13% used [0x000000076b180000,0x000000076e2747f0,0x0000000782100000)
  from space 47616K, 0% used [0x0000000782100000,0x0000000782100000,0x0000000784f80000)
  to   space 47616K, 0% used [0x0000000790400000,0x0000000790400000,0x0000000793280000)
 ParOldGen       total 160256K, used 44589K [0x00000006c1400000, 0x00000006cb080000, 0x000000076b180000)
  object space 160256K, 27% used [0x00000006c1400000,0x00000006c3f8b758,0x00000006cb080000)
 Metaspace       used 36999K, capacity 37932K, committed 38192K, reserved 1083392K
  class space    used 4324K, capacity 4572K, committed 4656K, reserved 1048576K
GC Heap History (10 events):
Event: 9.179 GC heap before
{Heap before GC invocations=7 (full 1):
 PSYoungGen      total 141824K, used 141814K [0x000000076b180000, 0x000000077b480000, 0x00000007c0000000)
  eden space 131072K, 100% used [0x000000076b180000,0x0000000773180000,0x0000000773180000)
  from space 10752K, 99% used [0x0000000773180000,0x0000000773bfda98,0x0000000773c00000)
  to   space 19968K, 0% used [0x000000077a100000,0x000000077a100000,0x000000077b480000)
 ParOldGen       total 98816K, used 22416K [0x00000006c1400000, 0x00000006c7480000, 0x000000076b180000)
  object space 98816K, 22% used [0x00000006c1400000,0x00000006c29e4390,0x00000006c7480000)
 Metaspace       used 23710K, capacity 24262K, committed 24496K, reserved 1071104K
  class space    used 2760K, capacity 2933K, committed 2992K, reserved 1048576K
Event: 9.220 GC heap after
Heap after GC invocations=7 (full 1):
 PSYoungGen      total 239104K, used 19936K [0x000000076b180000, 0x000000077c400000, 0x00000007c0000000)
  eden space 219136K, 0% used [0x000000076b180000,0x000000076b180000,0x0000000778780000)
  from space 19968K, 99% used [0x000000077a100000,0x000000077b478120,0x000000077b480000)
  to   space 26112K, 0% used [0x0000000778780000,0x0000000778780000,0x000000077a100000)
 ParOldGen       total 98816K, used 28437K [0x00000006c1400000, 0x00000006c7480000, 0x000000076b180000)
  object space 98816K, 28% used [0x00000006c1400000,0x00000006c2fc5400,0x00000006c7480000)
 Metaspace       used 23710K, capacity 24262K, committed 24496K, reserved 1071104K
  class space    used 2760K, capacity 2933K, committed 2992K, reserved 1048576K
}
Event: 10.156 GC heap before
{Heap before GC invocations=8 (full 1):
 PSYoungGen      total 239104K, used 239072K [0x000000076b180000, 0x000000077c400000, 0x00000007c0000000)
  eden space 219136K, 100% used [0x000000076b180000,0x0000000778780000,0x0000000778780000)
  from space 19968K, 99% used [0x000000077a100000,0x000000077b478120,0x000000077b480000)
  to   space 26112K, 0% used [0x0000000778780000,0x0000000778780000,0x000000077a100000)
 ParOldGen       total 98816K, used 28437K [0x00000006c1400000, 0x00000006c7480000, 0x000000076b180000)
  object space 98816K, 28% used [0x00000006c1400000,0x00000006c2fc5400,0x00000006c7480000)
 Metaspace       used 23717K, capacity 24262K, committed 24496K, reserved 1071104K
  class space    used 2760K, capacity 2933K, committed 2992K, reserved 1048576K
Event: 10.187 GC heap after
Heap after GC invocations=8 (full 1):
 PSYoungGen      total 245248K, used 26106K [0x000000076b180000, 0x0000000787480000, 0x00000007c0000000)
  eden space 219136K, 0% used [0x000000076b180000,0x000000076b180000,0x0000000778780000)
  from space 26112K, 99% used [0x0000000778780000,0x000000077a0fea00,0x000000077a100000)
  to   space 37888K, 0% used [0x0000000784f80000,0x0000000784f80000,0x0000000787480000)
 ParOldGen       total 98816K, used 44636K [0x00000006c1400000, 0x00000006c7480000, 0x000000076b180000)
  object space 98816K, 45% used [0x00000006c1400000,0x00000006c3f97350,0x00000006c7480000)
 Metaspace       used 23717K, capacity 24262K, committed 24496K, reserved 1071104K
  class space    used 2760K, capacity 2933K, committed 2992K, reserved 1048576K
}
Event: 11.323 GC heap before
{Heap before GC invocations=9 (full 1):
 PSYoungGen      total 245248K, used 245242K [0x000000076b180000, 0x0000000787480000, 0x00000007c0000000)
  eden space 219136K, 100% used [0x000000076b180000,0x0000000778780000,0x0000000778780000)
  from space 26112K, 99% used [0x0000000778780000,0x000000077a0fea00,0x000000077a100000)
  to   space 37888K, 0% used [0x0000000784f80000,0x0000000784f80000,0x0000000787480000)
 ParOldGen       total 98816K, used 44636K [0x00000006c1400000, 0x00000006c7480000, 0x000000076b180000)
  object space 98816K, 45% used [0x00000006c1400000,0x00000006c3f97350,0x00000006c7480000)
 Metaspace       used 23730K, capacity 24330K, committed 24496K, reserved 1071104K
  class space    used 2762K, capacity 2933K, committed 2992K, reserved 1048576K
Event: 11.437 GC heap after
Heap after GC invocations=9 (full 1):
 PSYoungGen      total 414208K, used 37883K [0x000000076b180000, 0x0000000789900000, 0x00000007c0000000)
  eden space 376320K, 0% used [0x000000076b180000,0x000000076b180000,0x0000000782100000)
  from space 37888K, 99% used [0x0000000784f80000,0x000000078747efd0,0x0000000787480000)
  to   space 47616K, 0% used [0x0000000782100000,0x0000000782100000,0x0000000784f80000)
 ParOldGen       total 98816K, used 52964K [0x00000006c1400000, 0x00000006c7480000, 0x000000076b180000)
  object space 98816K, 53% used [0x00000006c1400000,0x00000006c47b91a0,0x00000006c7480000)
 Metaspace       used 23730K, capacity 24330K, committed 24496K, reserved 1071104K
  class space    used 2762K, capacity 2933K, committed 2992K, reserved 1048576K
}
Event: 14.418 GC heap before
{Heap before GC invocations=10 (full 1):
 PSYoungGen      total 414208K, used 267873K [0x000000076b180000, 0x0000000789900000, 0x00000007c0000000)
  eden space 376320K, 61% used [0x000000076b180000,0x0000000779219648,0x0000000782100000)
  from space 37888K, 99% used [0x0000000784f80000,0x000000078747efd0,0x0000000787480000)
  to   space 47616K, 0% used [0x0000000782100000,0x0000000782100000,0x0000000784f80000)
 ParOldGen       total 98816K, used 52964K [0x00000006c1400000, 0x00000006c7480000, 0x000000076b180000)
  object space 98816K, 53% used [0x00000006c1400000,0x00000006c47b91a0,0x00000006c7480000)
 Metaspace       used 34448K, capacity 35324K, committed 35496K, reserved 1081344K
  class space    used 4066K, capacity 4312K, committed 4400K, reserved 1048576K
Event: 14.461 GC heap after
Heap after GC invocations=10 (full 1):
 PSYoungGen      total 423936K, used 29138K [0x000000076b180000, 0x0000000793280000, 0x00000007c0000000)
  eden space 376320K, 0% used [0x000000076b180000,0x000000076b180000,0x0000000782100000)
  from space 47616K, 61% used [0x0000000782100000,0x0000000783d74a00,0x0000000784f80000)
  to   space 47616K, 0% used [0x0000000790400000,0x0000000790400000,0x0000000793280000)
 ParOldGen       total 98816K, used 57144K [0x00000006c1400000, 0x00000006c7480000, 0x000000076b180000)
  object space 98816K, 57% used [0x00000006c1400000,0x00000006c4bce280,0x00000006c7480000)
 Metaspace       used 34448K, capacity 35324K, committed 35496K, reserved 1081344K
  class space    used 4066K, capacity 4312K, committed 4400K, reserved 1048576K
}
Event: 14.461 GC heap before
{Heap before GC invocations=11 (full 2):
 PSYoungGen      total 423936K, used 29138K [0x000000076b180000, 0x0000000793280000, 0x00000007c0000000)
  eden space 376320K, 0% used [0x000000076b180000,0x000000076b180000,0x0000000782100000)
  from space 47616K, 61% used [0x0000000782100000,0x0000000783d74a00,0x0000000784f80000)
  to   space 47616K, 0% used [0x0000000790400000,0x0000000790400000,0x0000000793280000)
 ParOldGen       total 98816K, used 57144K [0x00000006c1400000, 0x00000006c7480000, 0x000000076b180000)
  object space 98816K, 57% used [0x00000006c1400000,0x00000006c4bce280,0x00000006c7480000)
 Metaspace       used 34448K, capacity 35324K, committed 35496K, reserved 1081344K
  class space    used 4066K, capacity 4312K, committed 4400K, reserved 1048576K
Event: 14.546 GC heap after
Heap after GC invocations=11 (full 2):
 PSYoungGen      total 423936K, used 0K [0x000000076b180000, 0x0000000793280000, 0x00000007c0000000)
  eden space 376320K, 0% used [0x000000076b180000,0x000000076b180000,0x0000000782100000)
  from space 47616K, 0% used [0x0000000782100000,0x0000000782100000,0x0000000784f80000)
  to   space 47616K, 0% used [0x0000000790400000,0x0000000790400000,0x0000000793280000)
 ParOldGen       total 160256K, used 44589K [0x00000006c1400000, 0x00000006cb080000, 0x000000076b180000)
  object space 160256K, 27% used [0x00000006c1400000,0x00000006c3f8b758,0x00000006cb080000)
 Metaspace       used 34448K, capacity 35324K, committed 35496K, reserved 1081344K
  class space    used 4066K, capacity 4312K, committed 4400K, reserved 1048576K
}

